<?xml version="1.0" encoding="UTF-8"?>
<!-- Generated by org.testng.reporters.JUnitReportReporter -->
<testsuite skipped="0" hostname="IFOCUSODC-PC09" name="com.assignment.GetProfileUser" tests="1" failures="0" timestamp="28 Feb 2018 13:14:59 GMT" time="2.915" errors="0">
  <testcase name="getProfileUser" time="2.915" classname="com.assignment.GetProfileUser"/>
</testsuite> <!-- com.assignment.GetProfileUser -->
