<?xml version="1.0" encoding="UTF-8"?>
<!-- Generated by org.testng.reporters.JUnitReportReporter -->
<testsuite skipped="0" hostname="IFOCUSODC-PC09" name="com.assignment.GenerateKs" tests="1" failures="0" timestamp="17 Jan 2018 12:08:33 GMT" time="27415.775" errors="0">
  <testcase name="generateks_test" time="27415.775" classname="com.assignment.GenerateKs"/>
</testsuite> <!-- com.assignment.GenerateKs -->
