<?xml version="1.0" encoding="UTF-8"?>
<!-- Generated by org.testng.reporters.JUnitReportReporter -->
<testsuite skipped="0" hostname="IFOCUSODC-PC09" name="com.assignment.JsonCompare" tests="1" failures="0" timestamp="01 Feb 2018 09:23:32 GMT" time="2.073" errors="0">
  <testcase name="Json_Test" time="2.073" classname="com.assignment.JsonCompare"/>
</testsuite> <!-- com.assignment.JsonCompare -->
