<?xml version="1.0" encoding="UTF-8"?>
<!-- Generated by org.testng.reporters.JUnitReportReporter -->
<testsuite skipped="0" hostname="IFOCUSODC-PC09" name="Ass.Config" tests="1" failures="0" timestamp="30 Jan 2018 10:55:57 GMT" time="5.941" errors="0">
  <testcase name="config_test" time="5.941" classname="Ass.Config"/>
</testsuite> <!-- Ass.Config -->
