<?xml version="1.0" encoding="UTF-8"?>
<!-- Generated by org.testng.reporters.JUnitReportReporter -->
<testsuite skipped="0" hostname="IFOCUSODC-PC09" name="com.assignment.ReadExcelData" tests="1" failures="0" timestamp="05 Jan 2018 05:26:32 GMT" time="11.040" errors="0">
  <testcase name="readExcelData" time="11.040" classname="com.assignment.ReadExcelData"/>
</testsuite> <!-- com.assignment.ReadExcelData -->
