<?xml version="1.0" encoding="UTF-8"?>
<!-- Generated by org.testng.reporters.JUnitReportReporter -->
<testsuite skipped="0" hostname="IFOCUSODC-PC09" name="com.APITESTING.SCRIPTS.MegaMenuShows" tests="2" failures="0" timestamp="21 Dec 2017 11:10:50 GMT" time="2.375" errors="0">
  <testcase name="Test_04_negative" time="0.300" classname="com.APITESTING.SCRIPTS.MegaMenuShows"/>
  <testcase name="Test_03_positive" time="2.075" classname="com.APITESTING.SCRIPTS.MegaMenuShows"/>
</testsuite> <!-- com.APITESTING.SCRIPTS.MegaMenuShows -->
