<?xml version="1.0" encoding="UTF-8"?>
<!-- Generated by org.testng.reporters.JUnitReportReporter -->
<testsuite skipped="0" hostname="IFOCUSODC-PC09" name="com.APITESTING.SCRIPTS.AssetDetailsAllEpisodes" tests="1" failures="0" timestamp="27 Dec 2017 11:58:54 GMT" time="0.620" errors="0">
  <testcase name="AllEpisodes" time="0.620" classname="com.APITESTING.SCRIPTS.AssetDetailsAllEpisodes"/>
</testsuite> <!-- com.APITESTING.SCRIPTS.AssetDetailsAllEpisodes -->
