<?xml version="1.0" encoding="UTF-8"?>
<!-- Generated by org.testng.reporters.JUnitReportReporter -->
<testsuite skipped="0" hostname="IFOCUSODC-PC09" name="com.loginradius.ExcelReport" tests="1" failures="0" timestamp="28 Mar 2018 07:58:45 GMT" time="5.851" errors="0">
  <testcase name="excelreport" time="5.851" classname="com.loginradius.ExcelReport"/>
</testsuite> <!-- com.loginradius.ExcelReport -->
