<?xml version="1.0" encoding="UTF-8"?>
<!-- Generated by org.testng.reporters.JUnitReportReporter -->
<testsuite skipped="0" hostname="IFOCUSODC-PC09" name="com.loginradius.KuserLogin" tests="1" failures="0" timestamp="28 Mar 2018 07:58:45 GMT" time="0.556" errors="0">
  <testcase name="kuserlogin_positive" time="0.556" classname="com.loginradius.KuserLogin"/>
</testsuite> <!-- com.loginradius.KuserLogin -->
