<?xml version="1.0" encoding="UTF-8"?>
<!-- Generated by org.testng.reporters.JUnitReportReporter -->
<testsuite skipped="0" hostname="IFOCUSODC-PC09" name="com.loginradius.Authentication" tests="1" failures="0" timestamp="28 Mar 2018 07:58:45 GMT" time="3.681" errors="0">
  <testcase name="authentication_positive" time="3.681" classname="com.loginradius.Authentication"/>
</testsuite> <!-- com.loginradius.Authentication -->
