<?xml version="1.0" encoding="UTF-8"?>
<!-- Generated by org.testng.reporters.JUnitReportReporter -->
<testsuite skipped="0" hostname="IFOCUSODC-PC09" name="com.APITESTING.SCRIPTS.Discover" tests="1" failures="0" timestamp="27 Dec 2017 11:58:54 GMT" time="0.107" errors="0">
  <testcase name="discover" time="0.107" classname="com.APITESTING.SCRIPTS.Discover"/>
</testsuite> <!-- com.APITESTING.SCRIPTS.Discover -->
