<?xml version="1.0" encoding="UTF-8"?>
<!-- Generated by org.testng.reporters.JUnitReportReporter -->
<testsuite skipped="0" hostname="IFOCUSODC-PC09" name="com.APITESTING.SCRIPTS.AllKidsShows" tests="1" failures="0" timestamp="03 Jan 2018 09:54:26 GMT" time="27.500" errors="0">
  <testcase name="AllKidsShows_positivetest" time="27.500" classname="com.APITESTING.SCRIPTS.AllKidsShows"/>
</testsuite> <!-- com.APITESTING.SCRIPTS.AllKidsShows -->
