<?xml version="1.0" encoding="UTF-8"?>
<!-- Generated by org.testng.reporters.JUnitReportReporter -->
<testsuite skipped="0" hostname="IFOCUSODC-PC09" name="com.loginradius.Imageupdate" tests="1" failures="0" timestamp="28 Mar 2018 07:04:59 GMT" time="8.307" errors="0">
  <testcase name="imageupdate_positive" time="8.307" classname="com.loginradius.Imageupdate"/>
</testsuite> <!-- com.loginradius.Imageupdate -->
