<?xml version="1.0" encoding="UTF-8"?>
<!-- Generated by org.testng.reporters.JUnitReportReporter -->
<testsuite skipped="0" hostname="IFOCUSODC-PC09" name="com.assignment.Ks" tests="1" failures="0" timestamp="23 Jan 2018 12:05:46 GMT" time="25303.271" errors="0">
  <testcase name="ks1" time="25303.271" classname="com.assignment.Ks"/>
</testsuite> <!-- com.assignment.Ks -->
