<?xml version="1.0" encoding="UTF-8"?>
<!-- Generated by org.testng.reporters.JUnitReportReporter -->
<testsuite skipped="0" hostname="IFOCUSODC-PC09" name="com.loginradius.GetProfileUser" tests="1" failures="0" timestamp="28 Mar 2018 07:58:45 GMT" time="1.322" errors="0">
  <testcase name="getprofile_positive" time="1.322" classname="com.loginradius.GetProfileUser"/>
</testsuite> <!-- com.loginradius.GetProfileUser -->
