<?xml version="1.0" encoding="UTF-8"?>
<!-- Generated by org.testng.reporters.JUnitReportReporter -->
<testsuite skipped="0" hostname="IFOCUSODC-PC09" name="com.APITESTING.SCRIPTS.MegaMenuMovies" tests="2" failures="0" timestamp="21 Dec 2017 11:17:00 GMT" time="3.308" errors="0">
  <testcase name="Test_04_negative" time="0.741" classname="com.APITESTING.SCRIPTS.MegaMenuMovies"/>
  <testcase name="Test_03_positive" time="2.567" classname="com.APITESTING.SCRIPTS.MegaMenuMovies"/>
</testsuite> <!-- com.APITESTING.SCRIPTS.MegaMenuMovies -->
