<?xml version="1.0" encoding="UTF-8"?>
<!-- Generated by org.testng.reporters.JUnitReportReporter -->
<testsuite skipped="0" hostname="IFOCUSODC-PC09" name="com.loginradius.Create" tests="1" failures="0" timestamp="28 Mar 2018 07:58:45 GMT" time="2.948" errors="0">
  <testcase name="create_positive" time="2.948" classname="com.loginradius.Create"/>
</testsuite> <!-- com.loginradius.Create -->
