<?xml version="1.0" encoding="UTF-8"?>
<!-- Generated by org.testng.reporters.JUnitReportReporter -->
<testsuite skipped="0" hostname="IFOCUSODC-PC09" name="com.viny.PlayBack" tests="1" failures="0" timestamp="17 Jan 2018 09:46:51 GMT" time="3269.378" errors="0">
  <testcase name="playback_test" time="3269.378" classname="com.viny.PlayBack"/>
</testsuite> <!-- com.viny.PlayBack -->
