<?xml version="1.0" encoding="UTF-8"?>
<!-- Generated by org.testng.reporters.JUnitReportReporter -->
<testsuite skipped="0" hostname="IFOCUSODC-PC09" name="com.APITESTING.SCRIPTS.Countries" tests="1" failures="0" timestamp="27 Dec 2017 11:58:54 GMT" time="0.097" errors="0">
  <testcase name="countries" time="0.097" classname="com.APITESTING.SCRIPTS.Countries"/>
</testsuite> <!-- com.APITESTING.SCRIPTS.Countries -->
