<?xml version="1.0" encoding="UTF-8"?>
<!-- Generated by org.testng.reporters.JUnitReportReporter -->
<testsuite skipped="0" hostname="IFOCUSODC-PC09" name="com.APITESTING.SCRIPTS.AssestsDetails" tests="1" failures="0" timestamp="27 Dec 2017 11:58:54 GMT" time="0.441" errors="0">
  <testcase name="Shows" time="0.441" classname="com.APITESTING.SCRIPTS.AssestsDetails"/>
</testsuite> <!-- com.APITESTING.SCRIPTS.AssestsDetails -->
