<?xml version="1.0" encoding="UTF-8"?>
<!-- Generated by org.testng.reporters.JUnitReportReporter -->
<testsuite skipped="0" hostname="IFOCUSODC-PC09" name="com.assignment.Playback_tv" tests="1" failures="0" timestamp="07 Mar 2018 05:34:00 GMT" time="37.124" errors="0">
  <testcase name="playback_TV" time="37.124" classname="com.assignment.Playback_tv"/>
</testsuite> <!-- com.assignment.Playback_tv -->
