<?xml version="1.0" encoding="UTF-8"?>
<!-- Generated by org.testng.reporters.JUnitReportReporter -->
<testsuite skipped="0" hostname="IFOCUSODC-PC09" name="com.loginradius.GetAuthKey" tests="1" failures="0" timestamp="28 Mar 2018 07:58:45 GMT" time="4.402" errors="0">
  <testcase name="getauthkey_positive" time="4.402" classname="com.loginradius.GetAuthKey"/>
</testsuite> <!-- com.loginradius.GetAuthKey -->
