<?xml version="1.0" encoding="UTF-8"?>
<!-- Generated by org.testng.reporters.JUnitReportReporter -->
<testsuite skipped="0" hostname="IFOCUSODC-PC09" name="com.APITESTING.SCRIPTS.FollowRemove" tests="1" failures="0" timestamp="27 Dec 2017 11:58:54 GMT" time="0.346" errors="0">
  <testcase name="followaddremove" time="0.346" classname="com.APITESTING.SCRIPTS.FollowRemove"/>
</testsuite> <!-- com.APITESTING.SCRIPTS.FollowRemove -->
