<?xml version="1.0" encoding="UTF-8"?>
<!-- Generated by org.testng.reporters.JUnitReportReporter -->
<testsuite skipped="0" hostname="IFOCUSODC-PC09" name="com.loginradius.KuserReg" tests="1" failures="0" timestamp="28 Mar 2018 07:58:45 GMT" time="2.063" errors="0">
  <testcase name="kuserreg_positive" time="2.063" classname="com.loginradius.KuserReg"/>
</testsuite> <!-- com.loginradius.KuserReg -->
