<?xml version="1.0" encoding="UTF-8"?>
<!-- Generated by org.testng.reporters.JUnitReportReporter -->
<testsuite skipped="0" hostname="IFOCUSODC-PC09" name="com.APITESTING.SCRIPTS.AssetDetailsAllSeasons" tests="1" failures="0" timestamp="27 Dec 2017 11:58:54 GMT" time="1.037" errors="0">
  <testcase name="AllSeasons" time="1.037" classname="com.APITESTING.SCRIPTS.AssetDetailsAllSeasons"/>
</testsuite> <!-- com.APITESTING.SCRIPTS.AssetDetailsAllSeasons -->
