<?xml version="1.0" encoding="UTF-8"?>
<!-- Generated by org.testng.reporters.JUnitReportReporter -->
<testsuite skipped="0" hostname="IFOCUSODC-PC09" name="com.APITESTING.SCRIPTS.ChannelsDetails" tests="1" failures="0" timestamp="27 Dec 2017 11:58:54 GMT" time="0.105" errors="0">
  <testcase name="channelsdetails" time="0.105" classname="com.APITESTING.SCRIPTS.ChannelsDetails"/>
</testsuite> <!-- com.APITESTING.SCRIPTS.ChannelsDetails -->
